2020-03-31 14:16:28		INFO [03/31/20 14:16:28:38] Working directory: O:\repo\worker
2020-03-31 14:16:28		INFO [03/31/20 14:16:28:38] IsDynamicGitRepository: False
2020-03-31 14:16:28		INFO [03/31/20 14:16:28:40] Returning Project Root from DotGitDirectory: O:\repo\worker\.git\ - O:\repo\worker\
2020-03-31 14:16:28		INFO [03/31/20 14:16:28:40] Running on Windows.
2020-03-31 14:16:28		INFO [03/31/20 14:16:28:40] Project root is: O:\repo\worker\
2020-03-31 14:16:28		INFO [03/31/20 14:16:28:40] DotGit directory is: O:\repo\worker\.git
2020-03-31 14:16:28		INFO [03/31/20 14:16:28:44] Begin: Loading version variables from disk cache
2020-03-31 14:16:28		  INFO [03/31/20 14:16:28:45] Cache file O:\repo\worker\.git\gitversion_cache\A3E744DE8F4B9029B0E0D55D6C8B23C0B3712EB2.yml not found.
2020-03-31 14:16:28		  INFO [03/31/20 14:16:28:45] End: Loading version variables from disk cache (Took: 3.58ms)
2020-03-31 14:16:28		  INFO [03/31/20 14:16:28:46] Using latest commit on specified branch
2020-03-31 14:16:28		  INFO [03/31/20 14:16:28:49] Running against branch: master (8025194d0c8fb9bb1e508395cb43a0a6f6f1796c)
2020-03-31 14:16:28		  INFO [03/31/20 14:16:28:49] Begin: Calculating base versions
2020-03-31 14:16:28		    INFO [03/31/20 14:16:28:51] Fallback base version: 0.1.0 with commit count source ea5550a4f1eff1658874a008807ac420a01d94b9 (Incremented: None)
2020-03-31 14:16:28		    INFO [03/31/20 14:16:28:57] Found multiple base versions which will produce the same SemVer (0.1.0), taking oldest source for commit counting (Fallback base version)
2020-03-31 14:16:28		    INFO [03/31/20 14:16:28:57] Base version used: Fallback base version: 0.1.0 with commit count source ea5550a4f1eff1658874a008807ac420a01d94b9 (Incremented: None)
2020-03-31 14:16:28		  INFO [03/31/20 14:16:28:57] End: Calculating base versions (Took: 79.49ms)
2020-03-31 14:16:28		  INFO [03/31/20 14:16:28:58] Skipping version increment
2020-03-31 14:16:28		  INFO [03/31/20 14:16:28:58] 12 commits found between ea5550a4f1eff1658874a008807ac420a01d94b9 and 8025194d0c8fb9bb1e508395cb43a0a6f6f1796c
2020-03-31 14:16:28		  INFO [03/31/20 14:16:28:58] Begin: Creating dictionary
2020-03-31 14:16:28		  INFO [03/31/20 14:16:28:59] End: Creating dictionary (Took: 4.29ms)
2020-03-31 14:16:28		  INFO [03/31/20 14:16:28:59] Begin: Storing version variables to cache file O:\repo\worker\.git\gitversion_cache\A3E744DE8F4B9029B0E0D55D6C8B23C0B3712EB2.yml
2020-03-31 14:16:28		  INFO [03/31/20 14:16:28:65] End: Storing version variables to cache file O:\repo\worker\.git\gitversion_cache\A3E744DE8F4B9029B0E0D55D6C8B23C0B3712EB2.yml (Took: 60.03ms)
